d:\school\cadvision\dllexperiment\3dviewcpptoclrtocs – kópia\3dviewclr\debug\3dviewclr.pch
d:\school\cadvision\dllexperiment\3dviewcpptoclrtocs – kópia\3dviewclr\debug\vc142.pdb
d:\school\cadvision\dllexperiment\3dviewcpptoclrtocs – kópia\3dviewclr\debug\pch.obj
d:\school\cadvision\dllexperiment\3dviewcpptoclrtocs – kópia\3dviewclr\debug\assemblyinfo.obj
d:\school\cadvision\dllexperiment\3dviewcpptoclrtocs – kópia\3dviewclr\debug\threedviewclr.obj
d:\school\cadvision\dllexperiment\3dviewcpptoclrtocs – kópia\3dviewclr\debug\.netframework,version=v4.5.assemblyattributes.obj
d:\school\cadvision\dllexperiment\3dviewcpptoclrtocs – kópia\3dviewclr\debug\.netframework,version=v4.5.assemblyattributes.asm
d:\school\cadvision\dllexperiment\3dviewcpptoclrtocs – kópia\3dviewclr\debug\app.res
d:\school\cadvision\dllexperiment\3dviewcpptoclrtocs – kópia\3dviewclr\debug\3dviewclr.vcxprojassemblyreference.cache
d:\school\cadvision\dllexperiment\3dviewcpptoclrtocs – kópia\3dview\debug\3dviewclr.pdb
d:\school\cadvision\dllexperiment\3dviewcpptoclrtocs – kópia\3dviewclr\debug\3dviewclr.tlog\cl.command.1.tlog
d:\school\cadvision\dllexperiment\3dviewcpptoclrtocs – kópia\3dviewclr\debug\3dviewclr.tlog\cl.read.1.tlog
d:\school\cadvision\dllexperiment\3dviewcpptoclrtocs – kópia\3dviewclr\debug\3dviewclr.tlog\cl.write.1.tlog
d:\school\cadvision\dllexperiment\3dviewcpptoclrtocs – kópia\3dviewclr\debug\3dviewclr.tlog\link.35464-cvtres.read.1.tlog
d:\school\cadvision\dllexperiment\3dviewcpptoclrtocs – kópia\3dviewclr\debug\3dviewclr.tlog\link.35464-cvtres.write.1.tlog
d:\school\cadvision\dllexperiment\3dviewcpptoclrtocs – kópia\3dviewclr\debug\3dviewclr.tlog\link.35464-rc.read.1.tlog
d:\school\cadvision\dllexperiment\3dviewcpptoclrtocs – kópia\3dviewclr\debug\3dviewclr.tlog\link.35464-rc.write.1.tlog
d:\school\cadvision\dllexperiment\3dviewcpptoclrtocs – kópia\3dviewclr\debug\3dviewclr.tlog\link.35464.delete.1.tlog
d:\school\cadvision\dllexperiment\3dviewcpptoclrtocs – kópia\3dviewclr\debug\3dviewclr.tlog\link.35464.read.1.tlog
d:\school\cadvision\dllexperiment\3dviewcpptoclrtocs – kópia\3dviewclr\debug\3dviewclr.tlog\link.35464.write.1.tlog
d:\school\cadvision\dllexperiment\3dviewcpptoclrtocs – kópia\3dviewclr\debug\3dviewclr.tlog\link.command.1.tlog
d:\school\cadvision\dllexperiment\3dviewcpptoclrtocs – kópia\3dviewclr\debug\3dviewclr.tlog\link.read.1.tlog
d:\school\cadvision\dllexperiment\3dviewcpptoclrtocs – kópia\3dviewclr\debug\3dviewclr.tlog\link.write.1.tlog
d:\school\cadvision\dllexperiment\3dviewcpptoclrtocs – kópia\3dviewclr\debug\3dviewclr.tlog\metagen.read.1.tlog
d:\school\cadvision\dllexperiment\3dviewcpptoclrtocs – kópia\3dviewclr\debug\3dviewclr.tlog\metagen.write.1.tlog
d:\school\cadvision\dllexperiment\3dviewcpptoclrtocs – kópia\3dviewclr\debug\3dviewclr.tlog\rc.command.1.tlog
d:\school\cadvision\dllexperiment\3dviewcpptoclrtocs – kópia\3dviewclr\debug\3dviewclr.tlog\rc.read.1.tlog
d:\school\cadvision\dllexperiment\3dviewcpptoclrtocs – kópia\3dviewclr\debug\3dviewclr.tlog\rc.write.1.tlog
