d:\school\cadvision\funkcna 3dview verzia\3dview\3dview\release\3dview.pdb
d:\school\cadvision\funkcna 3dview verzia\3dview\3dview\release\objver.obj
d:\school\cadvision\funkcna 3dview verzia\3dview\3dview\release\view.obj
d:\school\cadvision\funkcna 3dview verzia\3dview\3dview\release\quickaction.obj
d:\school\cadvision\funkcna 3dview verzia\3dview\3dview\release\transform.obj
d:\school\cadvision\funkcna 3dview verzia\3dview\3dview\release\space.obj
d:\school\cadvision\funkcna 3dview verzia\3dview\3dview\release\shaderprogram.obj
d:\school\cadvision\funkcna 3dview verzia\3dview\3dview\release\object.obj
d:\school\cadvision\funkcna 3dview verzia\3dview\3dview\release\mesh.obj
d:\school\cadvision\funkcna 3dview verzia\3dview\3dview\release\config.obj
d:\school\cadvision\funkcna 3dview verzia\3dview\3dview\release\camera.obj
d:\school\cadvision\funkcna 3dview verzia\3dview\3dview\release\threedview.obj
d:\school\cadvision\funkcna 3dview verzia\3dview\3dview\release\texture.obj
d:\school\cadvision\funkcna 3dview verzia\3dview\3dview\release\sprite.obj
d:\school\cadvision\funkcna 3dview verzia\3dview\3dview\release\texturematerial.obj
d:\school\cadvision\funkcna 3dview verzia\3dview\3dview\release\textmaterial.obj
d:\school\cadvision\funkcna 3dview verzia\3dview\3dview\release\linematerial.obj
d:\school\cadvision\funkcna 3dview verzia\3dview\3dview\release\colormaterial.obj
d:\school\cadvision\funkcna 3dview verzia\3dview\3dview\release\abstractmaterial.obj
d:\school\cadvision\funkcna 3dview verzia\3dview\3dview\release\input.obj
d:\school\cadvision\funkcna 3dview verzia\3dview\3dview\release\skyboxmaterial.obj
d:\school\cadvision\funkcna 3dview verzia\3dview\3dview\release\mobject.obj
d:\school\cadvision\repository\3dview\3dview\3dview\release\3dview.pdb
d:\school\cadvision\repository\3dview\3dview\3dview\release\view.obj
d:\school\cadvision\repository\3dview\3dview\3dview\release\texture.obj
d:\school\cadvision\repository\3dview\3dview\3dview\release\shaderprogram.obj
d:\school\cadvision\repository\3dview\3dview\3dview\release\threedview.obj
d:\school\cadvision\repository\3dview\3dview\3dview\release\textmaterial.obj
d:\school\cadvision\repository\3dview\3dview\3dview\release\linematerial.obj
d:\school\cadvision\repository\3dview\3dview\3dview\release\space.obj
d:\school\cadvision\repository\3dview\3dview\3dview\release\object.obj
d:\school\cadvision\repository\3dview\3dview\3dview\release\mobject.obj
d:\school\cadvision\repository\3dview\3dview\3dview\release\camera.obj
d:\school\cadvision\repository\3dview\3dview\3dview\release\config.obj
d:\school\cadvision\repository\3dview\3dview\3dview\release\texturematerial.obj
d:\school\cadvision\repository\3dview\3dview\3dview\release\skyboxmaterial.obj
d:\school\cadvision\repository\3dview\3dview\3dview\release\colormaterial.obj
d:\school\cadvision\repository\3dview\3dview\3dview\release\abstractmaterial.obj
d:\school\cadvision\repository\3dview\3dview\3dview\release\objver.obj
d:\school\cadvision\repository\3dview\3dview\3dview\release\transform.obj
d:\school\cadvision\repository\3dview\3dview\3dview\release\mesh.obj
d:\school\cadvision\repository\3dview\3dview\3dview\release\sprite.obj
d:\school\cadvision\repository\3dview\3dview\3dview\release\input.obj
d:\school\cadvision\repository\3dview\3dview\3dview\release\selectionmaterial.obj
d:\school\cadvision\funkcna 3dview verzia\3dview\release\3dview.lib
d:\school\cadvision\repository\3dview\3dview\release\3dview.lib
d:\school\cadvision\repository\3dview\3dview\3dview\release\quickaction.obj
d:\school\cadvision\repository\3dview\3dview\3dview\release\3dview.tlog\cl.command.1.tlog
d:\school\cadvision\repository\3dview\3dview\3dview\release\3dview.tlog\cl.read.1.tlog
d:\school\cadvision\repository\3dview\3dview\3dview\release\3dview.tlog\cl.write.1.tlog
d:\school\cadvision\repository\3dview\3dview\3dview\release\3dview.tlog\lib-link.read.1.tlog
d:\school\cadvision\repository\3dview\3dview\3dview\release\3dview.tlog\lib-link.write.1.tlog
d:\school\cadvision\repository\3dview\3dview\3dview\release\3dview.tlog\lib.command.1.tlog
