d:\school\cadvision\dllexperiment\funkcna 3dview verzia\3dviewclr\release\3dviewclr.pch
d:\school\cadvision\dllexperiment\funkcna 3dview verzia\3dviewclr\release\vc142.pdb
d:\school\cadvision\dllexperiment\funkcna 3dview verzia\3dviewclr\release\pch.obj
d:\school\cadvision\dllexperiment\funkcna 3dview verzia\3dviewclr\release\assemblyinfo.obj
d:\school\cadvision\dllexperiment\funkcna 3dview verzia\3dviewclr\release\threedviewclr.obj
d:\school\cadvision\dllexperiment\funkcna 3dview verzia\3dviewclr\release\.netframework,version=v4.5.assemblyattributes.obj
d:\school\cadvision\dllexperiment\funkcna 3dview verzia\3dviewclr\release\.netframework,version=v4.5.assemblyattributes.asm
d:\school\cadvision\dllexperiment\funkcna 3dview verzia\3dview\release\3dviewclr.dll
d:\school\cadvision\dllexperiment\funkcna 3dview verzia\3dview\release\3dviewclr.pdb
d:\school\cadvision\dllexperiment\funkcna 3dview verzia\3dviewclr\release\app.res
d:\school\cadvision\dllexperiment\funkcna 3dview verzia\3dviewclr\release\3dviewclr.vcxprojassemblyreference.cache
d:\school\cadvision\dllexperiment\funkcna 3dview verzia\3dviewclr\release\3dviewclr.tlog\cl.command.1.tlog
d:\school\cadvision\dllexperiment\funkcna 3dview verzia\3dviewclr\release\3dviewclr.tlog\cl.read.1.tlog
d:\school\cadvision\dllexperiment\funkcna 3dview verzia\3dviewclr\release\3dviewclr.tlog\cl.write.1.tlog
d:\school\cadvision\dllexperiment\funkcna 3dview verzia\3dviewclr\release\3dviewclr.tlog\link.10172.17312.delete.1.tlog
d:\school\cadvision\dllexperiment\funkcna 3dview verzia\3dviewclr\release\3dviewclr.tlog\link.10332.15088.delete.1.tlog
d:\school\cadvision\dllexperiment\funkcna 3dview verzia\3dviewclr\release\3dviewclr.tlog\link.10708.18820.delete.1.tlog
d:\school\cadvision\dllexperiment\funkcna 3dview verzia\3dviewclr\release\3dviewclr.tlog\link.10740.14400.delete.1.tlog
d:\school\cadvision\dllexperiment\funkcna 3dview verzia\3dviewclr\release\3dviewclr.tlog\link.11048.18612.delete.1.tlog
d:\school\cadvision\dllexperiment\funkcna 3dview verzia\3dviewclr\release\3dviewclr.tlog\link.11164.23280.delete.1.tlog
d:\school\cadvision\dllexperiment\funkcna 3dview verzia\3dviewclr\release\3dviewclr.tlog\link.11296.23476.delete.1.tlog
d:\school\cadvision\dllexperiment\funkcna 3dview verzia\3dviewclr\release\3dviewclr.tlog\link.11452.29396.delete.1.tlog
d:\school\cadvision\dllexperiment\funkcna 3dview verzia\3dviewclr\release\3dviewclr.tlog\link.11952.20452.delete.1.tlog
d:\school\cadvision\dllexperiment\funkcna 3dview verzia\3dviewclr\release\3dviewclr.tlog\link.12008.31876.delete.1.tlog
d:\school\cadvision\dllexperiment\funkcna 3dview verzia\3dviewclr\release\3dviewclr.tlog\link.12216.25460.delete.1.tlog
d:\school\cadvision\dllexperiment\funkcna 3dview verzia\3dviewclr\release\3dviewclr.tlog\link.12616.15676.delete.1.tlog
d:\school\cadvision\dllexperiment\funkcna 3dview verzia\3dviewclr\release\3dviewclr.tlog\link.12696.8856.delete.1.tlog
d:\school\cadvision\dllexperiment\funkcna 3dview verzia\3dviewclr\release\3dviewclr.tlog\link.13136.1408.delete.1.tlog
d:\school\cadvision\dllexperiment\funkcna 3dview verzia\3dviewclr\release\3dviewclr.tlog\link.13448.32356.delete.1.tlog
d:\school\cadvision\dllexperiment\funkcna 3dview verzia\3dviewclr\release\3dviewclr.tlog\link.13932.22292.delete.1.tlog
d:\school\cadvision\dllexperiment\funkcna 3dview verzia\3dviewclr\release\3dviewclr.tlog\link.14676.9600.delete.1.tlog
d:\school\cadvision\dllexperiment\funkcna 3dview verzia\3dviewclr\release\3dviewclr.tlog\link.14748.33292.delete.1.tlog
d:\school\cadvision\dllexperiment\funkcna 3dview verzia\3dviewclr\release\3dviewclr.tlog\link.14788.14096.delete.1.tlog
d:\school\cadvision\dllexperiment\funkcna 3dview verzia\3dviewclr\release\3dviewclr.tlog\link.15160.11408.delete.1.tlog
d:\school\cadvision\dllexperiment\funkcna 3dview verzia\3dviewclr\release\3dviewclr.tlog\link.15240.23296.delete.1.tlog
d:\school\cadvision\dllexperiment\funkcna 3dview verzia\3dviewclr\release\3dviewclr.tlog\link.15792.5860.delete.1.tlog
d:\school\cadvision\dllexperiment\funkcna 3dview verzia\3dviewclr\release\3dviewclr.tlog\link.16128.33740.delete.1.tlog
d:\school\cadvision\dllexperiment\funkcna 3dview verzia\3dviewclr\release\3dviewclr.tlog\link.18084.25036.delete.1.tlog
d:\school\cadvision\dllexperiment\funkcna 3dview verzia\3dviewclr\release\3dviewclr.tlog\link.18416.22560.delete.1.tlog
d:\school\cadvision\dllexperiment\funkcna 3dview verzia\3dviewclr\release\3dviewclr.tlog\link.18456.20876.delete.1.tlog
d:\school\cadvision\dllexperiment\funkcna 3dview verzia\3dviewclr\release\3dviewclr.tlog\link.18572.10888.delete.1.tlog
d:\school\cadvision\dllexperiment\funkcna 3dview verzia\3dviewclr\release\3dviewclr.tlog\link.19120.31280.delete.1.tlog
d:\school\cadvision\dllexperiment\funkcna 3dview verzia\3dviewclr\release\3dviewclr.tlog\link.19400.24008.delete.1.tlog
d:\school\cadvision\dllexperiment\funkcna 3dview verzia\3dviewclr\release\3dviewclr.tlog\link.20172.30564.delete.1.tlog
d:\school\cadvision\dllexperiment\funkcna 3dview verzia\3dviewclr\release\3dviewclr.tlog\link.20208.18860.delete.1.tlog
d:\school\cadvision\dllexperiment\funkcna 3dview verzia\3dviewclr\release\3dviewclr.tlog\link.20416.19572.delete.1.tlog
d:\school\cadvision\dllexperiment\funkcna 3dview verzia\3dviewclr\release\3dviewclr.tlog\link.21044.2164.delete.1.tlog
d:\school\cadvision\dllexperiment\funkcna 3dview verzia\3dviewclr\release\3dviewclr.tlog\link.21164.1664.delete.1.tlog
d:\school\cadvision\dllexperiment\funkcna 3dview verzia\3dviewclr\release\3dviewclr.tlog\link.21328.21304.delete.1.tlog
d:\school\cadvision\dllexperiment\funkcna 3dview verzia\3dviewclr\release\3dviewclr.tlog\link.21384.13840.delete.1.tlog
d:\school\cadvision\dllexperiment\funkcna 3dview verzia\3dviewclr\release\3dviewclr.tlog\link.21392.13512.delete.1.tlog
d:\school\cadvision\dllexperiment\funkcna 3dview verzia\3dviewclr\release\3dviewclr.tlog\link.22332.6584.delete.1.tlog
d:\school\cadvision\dllexperiment\funkcna 3dview verzia\3dviewclr\release\3dviewclr.tlog\link.228.23476.delete.1.tlog
d:\school\cadvision\dllexperiment\funkcna 3dview verzia\3dviewclr\release\3dviewclr.tlog\link.23024.27848.delete.1.tlog
d:\school\cadvision\dllexperiment\funkcna 3dview verzia\3dviewclr\release\3dviewclr.tlog\link.2336.14736.delete.1.tlog
d:\school\cadvision\dllexperiment\funkcna 3dview verzia\3dviewclr\release\3dviewclr.tlog\link.24376.2584.delete.1.tlog
d:\school\cadvision\dllexperiment\funkcna 3dview verzia\3dviewclr\release\3dviewclr.tlog\link.24448.21732.delete.1.tlog
d:\school\cadvision\dllexperiment\funkcna 3dview verzia\3dviewclr\release\3dviewclr.tlog\link.24448.8496.delete.1.tlog
d:\school\cadvision\dllexperiment\funkcna 3dview verzia\3dviewclr\release\3dviewclr.tlog\link.26032.7320.delete.1.tlog
d:\school\cadvision\dllexperiment\funkcna 3dview verzia\3dviewclr\release\3dviewclr.tlog\link.26380.31160.delete.1.tlog
d:\school\cadvision\dllexperiment\funkcna 3dview verzia\3dviewclr\release\3dviewclr.tlog\link.26584.23652.delete.1.tlog
d:\school\cadvision\dllexperiment\funkcna 3dview verzia\3dviewclr\release\3dviewclr.tlog\link.27288.20928.delete.1.tlog
d:\school\cadvision\dllexperiment\funkcna 3dview verzia\3dviewclr\release\3dviewclr.tlog\link.27348.31664.delete.1.tlog
d:\school\cadvision\dllexperiment\funkcna 3dview verzia\3dviewclr\release\3dviewclr.tlog\link.28000.14504.delete.1.tlog
d:\school\cadvision\dllexperiment\funkcna 3dview verzia\3dviewclr\release\3dviewclr.tlog\link.28180.23072.delete.1.tlog
d:\school\cadvision\dllexperiment\funkcna 3dview verzia\3dviewclr\release\3dviewclr.tlog\link.28644.19104.delete.1.tlog
d:\school\cadvision\dllexperiment\funkcna 3dview verzia\3dviewclr\release\3dviewclr.tlog\link.28908.19012.delete.1.tlog
d:\school\cadvision\dllexperiment\funkcna 3dview verzia\3dviewclr\release\3dviewclr.tlog\link.29200.11456.delete.1.tlog
d:\school\cadvision\dllexperiment\funkcna 3dview verzia\3dviewclr\release\3dviewclr.tlog\link.29216.16116.delete.1.tlog
d:\school\cadvision\dllexperiment\funkcna 3dview verzia\3dviewclr\release\3dviewclr.tlog\link.29264.6004.delete.1.tlog
d:\school\cadvision\dllexperiment\funkcna 3dview verzia\3dviewclr\release\3dviewclr.tlog\link.29284.2224.delete.1.tlog
d:\school\cadvision\dllexperiment\funkcna 3dview verzia\3dviewclr\release\3dviewclr.tlog\link.29872.32464.delete.1.tlog
d:\school\cadvision\dllexperiment\funkcna 3dview verzia\3dviewclr\release\3dviewclr.tlog\link.30000.11600.delete.1.tlog
d:\school\cadvision\dllexperiment\funkcna 3dview verzia\3dviewclr\release\3dviewclr.tlog\link.30752.16316.delete.1.tlog
d:\school\cadvision\dllexperiment\funkcna 3dview verzia\3dviewclr\release\3dviewclr.tlog\link.30768.956.delete.1.tlog
d:\school\cadvision\dllexperiment\funkcna 3dview verzia\3dviewclr\release\3dviewclr.tlog\link.31712.19804.delete.1.tlog
d:\school\cadvision\dllexperiment\funkcna 3dview verzia\3dviewclr\release\3dviewclr.tlog\link.31824.27652.delete.1.tlog
d:\school\cadvision\dllexperiment\funkcna 3dview verzia\3dviewclr\release\3dviewclr.tlog\link.31900.25324.delete.1.tlog
d:\school\cadvision\dllexperiment\funkcna 3dview verzia\3dviewclr\release\3dviewclr.tlog\link.31972.17044.delete.1.tlog
d:\school\cadvision\dllexperiment\funkcna 3dview verzia\3dviewclr\release\3dviewclr.tlog\link.33460.28328.delete.1.tlog
d:\school\cadvision\dllexperiment\funkcna 3dview verzia\3dviewclr\release\3dviewclr.tlog\link.3688.3480.delete.1.tlog
d:\school\cadvision\dllexperiment\funkcna 3dview verzia\3dviewclr\release\3dviewclr.tlog\link.4052.12708.delete.1.tlog
d:\school\cadvision\dllexperiment\funkcna 3dview verzia\3dviewclr\release\3dviewclr.tlog\link.5076.14592.delete.1.tlog
d:\school\cadvision\dllexperiment\funkcna 3dview verzia\3dviewclr\release\3dviewclr.tlog\link.5640.14456.delete.1.tlog
d:\school\cadvision\dllexperiment\funkcna 3dview verzia\3dviewclr\release\3dviewclr.tlog\link.6068.25240.delete.1.tlog
d:\school\cadvision\dllexperiment\funkcna 3dview verzia\3dviewclr\release\3dviewclr.tlog\link.6700.12640.delete.1.tlog
d:\school\cadvision\dllexperiment\funkcna 3dview verzia\3dviewclr\release\3dviewclr.tlog\link.7240.23664.delete.1.tlog
d:\school\cadvision\dllexperiment\funkcna 3dview verzia\3dviewclr\release\3dviewclr.tlog\link.7512.18948.delete.1.tlog
d:\school\cadvision\dllexperiment\funkcna 3dview verzia\3dviewclr\release\3dviewclr.tlog\link.7940.29856.delete.1.tlog
d:\school\cadvision\dllexperiment\funkcna 3dview verzia\3dviewclr\release\3dviewclr.tlog\link.8292.3524.delete.1.tlog
d:\school\cadvision\dllexperiment\funkcna 3dview verzia\3dviewclr\release\3dviewclr.tlog\link.8632.22892.delete.1.tlog
d:\school\cadvision\dllexperiment\funkcna 3dview verzia\3dviewclr\release\3dviewclr.tlog\link.9692.11904.delete.1.tlog
d:\school\cadvision\dllexperiment\funkcna 3dview verzia\3dviewclr\release\3dviewclr.tlog\link.9748.19832.delete.1.tlog
d:\school\cadvision\dllexperiment\funkcna 3dview verzia\3dviewclr\release\3dviewclr.tlog\link.9804.1648.delete.1.tlog
d:\school\cadvision\dllexperiment\funkcna 3dview verzia\3dviewclr\release\3dviewclr.tlog\link.992.20716.delete.1.tlog
d:\school\cadvision\dllexperiment\funkcna 3dview verzia\3dviewclr\release\3dviewclr.tlog\link.9984.31888.delete.1.tlog
d:\school\cadvision\dllexperiment\funkcna 3dview verzia\3dviewclr\release\3dviewclr.tlog\link.command.1.tlog
d:\school\cadvision\dllexperiment\funkcna 3dview verzia\3dviewclr\release\3dviewclr.tlog\link.read.1.tlog
d:\school\cadvision\dllexperiment\funkcna 3dview verzia\3dviewclr\release\3dviewclr.tlog\link.write.1.tlog
d:\school\cadvision\dllexperiment\funkcna 3dview verzia\3dviewclr\release\3dviewclr.tlog\metagen.read.1.tlog
d:\school\cadvision\dllexperiment\funkcna 3dview verzia\3dviewclr\release\3dviewclr.tlog\metagen.write.1.tlog
d:\school\cadvision\dllexperiment\funkcna 3dview verzia\3dviewclr\release\3dviewclr.tlog\rc.command.1.tlog
d:\school\cadvision\dllexperiment\funkcna 3dview verzia\3dviewclr\release\3dviewclr.tlog\rc.read.1.tlog
d:\school\cadvision\dllexperiment\funkcna 3dview verzia\3dviewclr\release\3dviewclr.tlog\rc.write.1.tlog
