d:\school\cadvision\dllexperiment\3dviewcpptoclrtocs – kópia\3dview\3dview\debug\3dview.pdb
d:\school\cadvision\dllexperiment\3dviewcpptoclrtocs – kópia\3dview\3dview\debug\3dview.idb
d:\school\cadvision\dllexperiment\3dviewcpptoclrtocs – kópia\3dview\3dview\debug\objecta.obj
d:\school\cadvision\dllexperiment\3dviewcpptoclrtocs – kópia\3dview\3dview\debug\main.obj
d:\school\cadvision\dllexperiment\3dviewcpptoclrtocs – kópia\3dview\3dview\debug\view.obj
d:\school\cadvision\dllexperiment\3dviewcpptoclrtocs – kópia\3dview\3dview\debug\space.obj
d:\school\cadvision\dllexperiment\3dviewcpptoclrtocs – kópia\3dview\3dview\debug\shaderprogram.obj
d:\school\cadvision\dllexperiment\3dviewcpptoclrtocs – kópia\3dview\3dview\debug\object.obj
d:\school\cadvision\dllexperiment\3dviewcpptoclrtocs – kópia\3dview\3dview\debug\mesh.obj
d:\school\cadvision\dllexperiment\3dviewcpptoclrtocs – kópia\3dview\3dview\debug\material.obj
d:\school\cadvision\dllexperiment\3dviewcpptoclrtocs – kópia\3dview\3dview\debug\input.obj
d:\school\cadvision\dllexperiment\3dviewcpptoclrtocs – kópia\3dview\3dview\debug\config.obj
d:\school\cadvision\dllexperiment\3dviewcpptoclrtocs – kópia\3dview\3dview\debug\camera.obj
d:\school\cadvision\dllexperiment\3dviewcpptoclrtocs – kópia\3dview\3dview\debug\threedview.obj
d:\school\cadvision\dllexperiment\3dviewcpptoclrtocs – kópia\3dview\debug\3dview.lib
d:\school\cadvision\dllexperiment\3dviewcpptoclrtocs – kópia\3dview\debug\3dview.pdb
d:\school\cadvision\dllexperiment\3dviewcpptoclrtocs – kópia\3dview\3dview\debug\3dview.tlog\cl.command.1.tlog
d:\school\cadvision\dllexperiment\3dviewcpptoclrtocs – kópia\3dview\3dview\debug\3dview.tlog\cl.read.1.tlog
d:\school\cadvision\dllexperiment\3dviewcpptoclrtocs – kópia\3dview\3dview\debug\3dview.tlog\cl.write.1.tlog
d:\school\cadvision\dllexperiment\3dviewcpptoclrtocs – kópia\3dview\3dview\debug\3dview.tlog\lib-link.read.1.tlog
d:\school\cadvision\dllexperiment\3dviewcpptoclrtocs – kópia\3dview\3dview\debug\3dview.tlog\lib-link.write.1.tlog
d:\school\cadvision\dllexperiment\3dviewcpptoclrtocs – kópia\3dview\3dview\debug\3dview.tlog\lib.command.1.tlog
